<?xml version="1.0" encoding="UTF-8" ?>
<testsuite tests="10" failures="0" name="TestRunner" time="0.736" errors="0" skipped="0">
  <properties>
    <property name="idea.version" value="2016.2.1"/>
    <property name="java.runtime.name" value="Java(TM) SE Runtime Environment"/>
    <property name="sun.boot.library.path" value="/usr/local/java/jdk1.8.0_102/jre/lib/amd64"/>
    <property name="java.vm.version" value="25.102-b14"/>
    <property name="java.vm.vendor" value="Oracle Corporation"/>
    <property name="java.vendor.url" value="http://java.oracle.com/"/>
    <property name="path.separator" value=":"/>
    <property name="guice.disable.misplaced.annotation.check" value="true"/>
    <property name="java.vm.name" value="Java HotSpot(TM) 64-Bit Server VM"/>
    <property name="file.encoding.pkg" value="sun.io"/>
    <property name="idea.launcher.port" value="7532"/>
    <property name="user.country" value="US"/>
    <property name="sun.java.launcher" value="SUN_STANDARD"/>
    <property name="sun.os.patch.level" value="unknown"/>
    <property name="java.vm.specification.name" value="Java Virtual Machine Specification"/>
    <property name="user.dir" value="/home/gorobec/java/development/Teaching/atm"/>
    <property name="java.runtime.version" value="1.8.0_102-b14"/>
    <property name="java.awt.graphicsenv" value="sun.awt.X11GraphicsEnvironment"/>
    <property name="java.endorsed.dirs" value="/usr/local/java/jdk1.8.0_102/jre/lib/endorsed"/>
    <property name="os.arch" value="amd64"/>
    <property name="java.io.tmpdir" value="/tmp"/>
    <property name="line.separator" value="
"/>
    <property name="java.vm.specification.vendor" value="Oracle Corporation"/>
    <property name="os.name" value="Linux"/>
    <property name="classworlds.conf" value="/home/gorobec/java/soft/idea-IU-162.1447.26/plugins/maven/lib/maven3/bin/m2.conf"/>
    <property name="sun.jnu.encoding" value="UTF-8"/>
    <property name="java.library.path" value="/home/gorobec/java/soft/idea-IU-162.1447.26/bin::/usr/java/packages/lib/amd64:/usr/lib64:/lib64:/lib:/usr/lib"/>
    <property name="java.specification.name" value="Java Platform API Specification"/>
    <property name="java.class.version" value="52.0"/>
    <property name="sun.management.compiler" value="HotSpot 64-Bit Tiered Compilers"/>
    <property name="os.version" value="4.4.0-47-generic"/>
    <property name="user.home" value="/home/gorobec"/>
    <property name="user.timezone" value="Europe/Kiev"/>
    <property name="java.awt.printerjob" value="sun.print.PSPrinterJob"/>
    <property name="java.specification.version" value="1.8"/>
    <property name="idea.launcher.bin.path" value="/home/gorobec/java/soft/idea-IU-162.1447.26/bin"/>
    <property name="file.encoding" value="UTF-8"/>
    <property name="user.name" value="gorobec"/>
    <property name="java.class.path" value="/home/gorobec/java/soft/idea-IU-162.1447.26/plugins/maven/lib/maven3/boot/plexus-classworlds-2.4.jar:/home/gorobec/java/soft/idea-IU-162.1447.26/lib/idea_rt.jar"/>
    <property name="java.vm.specification.version" value="1.8"/>
    <property name="sun.arch.data.model" value="64"/>
    <property name="java.home" value="/usr/local/java/jdk1.8.0_102/jre"/>
    <property name="sun.java.command" value="com.intellij.rt.execution.application.AppMain org.codehaus.classworlds.Launcher -Didea.version=2016.2.1 test"/>
    <property name="java.specification.vendor" value="Oracle Corporation"/>
    <property name="user.language" value="en"/>
    <property name="awt.toolkit" value="sun.awt.X11.XToolkit"/>
    <property name="java.vm.info" value="mixed mode"/>
    <property name="java.version" value="1.8.0_102"/>
    <property name="java.ext.dirs" value="/usr/local/java/jdk1.8.0_102/jre/lib/ext:/usr/java/packages/lib/ext"/>
    <property name="securerandom.source" value="file:/dev/./urandom"/>
    <property name="sun.boot.class.path" value="/usr/local/java/jdk1.8.0_102/jre/lib/resources.jar:/usr/local/java/jdk1.8.0_102/jre/lib/rt.jar:/usr/local/java/jdk1.8.0_102/jre/lib/sunrsasign.jar:/usr/local/java/jdk1.8.0_102/jre/lib/jsse.jar:/usr/local/java/jdk1.8.0_102/jre/lib/jce.jar:/usr/local/java/jdk1.8.0_102/jre/lib/charsets.jar:/usr/local/java/jdk1.8.0_102/jre/lib/jfr.jar:/usr/local/java/jdk1.8.0_102/jre/classes"/>
    <property name="java.vendor" value="Oracle Corporation"/>
    <property name="maven.home" value="/home/gorobec/java/soft/idea-IU-162.1447.26/plugins/maven/lib/maven3"/>
    <property name="file.separator" value="/"/>
    <property name="java.vendor.url.bug" value="http://bugreport.sun.com/bugreport/"/>
    <property name="sun.cpu.endian" value="little"/>
    <property name="sun.io.unicode.encoding" value="UnicodeLittle"/>
    <property name="sun.desktop" value="gnome"/>
    <property name="sun.cpu.isalist" value=""/>
  </properties>
  <testcase classname="| \&quot;1234 0000 6565 0000\&quot; | \&quot;1111\&quot; | \&quot;200\&quot; | \&quot;200\&quot; |" name="Given client insert card \&quot;1234 0000 6565 0000\&quot; into atm" time="0.001"/>
  <testcase classname="| \&quot;1234 0000 6565 0000\&quot; | \&quot;1111\&quot; | \&quot;200\&quot; | \&quot;200\&quot; |" name="And client enter \&quot;1111\&quot; pin" time="0"/>
  <testcase classname="| \&quot;1234 0000 6565 0000\&quot; | \&quot;1111\&quot; | \&quot;200\&quot; | \&quot;200\&quot; |" name="When client try withdraw \&quot;200\&quot; cash" time="0"/>
  <testcase classname="| \&quot;1234 0000 6565 0000\&quot; | \&quot;1111\&quot; | \&quot;200\&quot; | \&quot;200\&quot; |" name="Then client get \&quot;200\&quot; dollars" time="0"/>
  <testcase classname="| \&quot;1234 0000 6565 0000\&quot; | \&quot;1111\&quot; | \&quot;200\&quot; | \&quot;200\&quot; |" name="| \&quot;1234 0000 6565 0000\&quot; | \&quot;1111\&quot; | \&quot;200\&quot; | \&quot;200\&quot; |" time="0.001"/>
  <testcase classname="| \&quot;1234 0000 6565 0000\&quot; | \&quot;1111\&quot; | \&quot;100\&quot; | \&quot;100\&quot; |" name="Given client insert card \&quot;1234 0000 6565 0000\&quot; into atm" time="0.002"/>
  <testcase classname="| \&quot;1234 0000 6565 0000\&quot; | \&quot;1111\&quot; | \&quot;100\&quot; | \&quot;100\&quot; |" name="And client enter \&quot;1111\&quot; pin" time="0"/>
  <testcase classname="| \&quot;1234 0000 6565 0000\&quot; | \&quot;1111\&quot; | \&quot;100\&quot; | \&quot;100\&quot; |" name="When client try withdraw \&quot;100\&quot; cash" time="0"/>
  <testcase classname="| \&quot;1234 0000 6565 0000\&quot; | \&quot;1111\&quot; | \&quot;100\&quot; | \&quot;100\&quot; |" name="Then client get \&quot;100\&quot; dollars" time="0"/>
  <testcase classname="| \&quot;1234 0000 6565 0000\&quot; | \&quot;1111\&quot; | \&quot;100\&quot; | \&quot;100\&quot; |" name="| \&quot;1234 0000 6565 0000\&quot; | \&quot;1111\&quot; | \&quot;100\&quot; | \&quot;100\&quot; |" time="0"/>
</testsuite>